# JRE version: Java(TM) SE Runtime Environment (8.0_144-b01) (build 1.8.0_144-b01)
# Java VM: Java HotSpot(TM) 64-Bit Server VM (25.144-b01 mixed mode linux-amd64 compressed oops)
Heap:
 PSYoungGen      total 265728K, used 11768K [0x00000000d6f00000, 0x00000000e7e00000, 0x0000000100000000)
  eden space 253952K, 0% used [0x00000000d6f00000,0x00000000d6f00000,0x00000000e6700000)
  from space 11776K, 99% used [0x00000000e6700000,0x00000000e727e338,0x00000000e7280000)
  to   space 11264K, 0% used [0x00000000e7300000,0x00000000e7300000,0x00000000e7e00000)
 ParOldGen       total 68096K, used 67663K [0x0000000084c00000, 0x0000000088e80000, 0x00000000d6f00000)
  object space 68096K, 99% used [0x0000000084c00000,0x0000000088e13ff0,0x0000000088e80000)
 Metaspace       used 25892K, capacity 26468K, committed 26624K, reserved 1073152K
  class space    used 2868K, capacity 2989K, committed 3072K, reserved 1048576K
GC Heap History (10 events):
Event: 65.276 GC heap after
Heap after GC invocations=3 (full 0):
 PSYoungGen      total 68608K, used 5088K [0x00000000d6f00000, 0x00000000df500000, 0x0000000100000000)
  eden space 63488K, 0% used [0x00000000d6f00000,0x00000000d6f00000,0x00000000dad00000)
  from space 5120K, 99% used [0x00000000dad00000,0x00000000db1f8020,0x00000000db200000)
  to   space 5120K, 0% used [0x00000000df000000,0x00000000df000000,0x00000000df500000)
 ParOldGen       total 84992K, used 5887K [0x0000000084c00000, 0x0000000089f00000, 0x00000000d6f00000)
  object space 84992K, 6% used [0x0000000084c00000,0x00000000851bfd18,0x0000000089f00000)
 Metaspace       used 16297K, capacity 16592K, committed 17024K, reserved 1064960K
  class space    used 1969K, capacity 2077K, committed 2176K, reserved 1048576K
}
Event: 80.105 GC heap before
{Heap before GC invocations=4 (full 0):
 PSYoungGen      total 68608K, used 68576K [0x00000000d6f00000, 0x00000000df500000, 0x0000000100000000)
  eden space 63488K, 100% used [0x00000000d6f00000,0x00000000dad00000,0x00000000dad00000)
  from space 5120K, 99% used [0x00000000dad00000,0x00000000db1f8020,0x00000000db200000)
  to   space 5120K, 0% used [0x00000000df000000,0x00000000df000000,0x00000000df500000)
 ParOldGen       total 84992K, used 5887K [0x0000000084c00000, 0x0000000089f00000, 0x00000000d6f00000)
  object space 84992K, 6% used [0x0000000084c00000,0x00000000851bfd18,0x0000000089f00000)
 Metaspace       used 16693K, capacity 17000K, committed 17280K, reserved 1064960K
  class space    used 1974K, capacity 2081K, committed 2176K, reserved 1048576K
Event: 81.316 GC heap after
Heap after GC invocations=4 (full 0):
 PSYoungGen      total 132096K, used 5088K [0x00000000d6f00000, 0x00000000df500000, 0x0000000100000000)
  eden space 126976K, 0% used [0x00000000d6f00000,0x00000000d6f00000,0x00000000deb00000)
  from space 5120K, 99% used [0x00000000df000000,0x00000000df4f8020,0x00000000df500000)
  to   space 5120K, 0% used [0x00000000deb00000,0x00000000deb00000,0x00000000df000000)
 ParOldGen       total 84992K, used 9139K [0x0000000084c00000, 0x0000000089f00000, 0x00000000d6f00000)
  object space 84992K, 10% used [0x0000000084c00000,0x00000000854ecd98,0x0000000089f00000)
 Metaspace       used 16693K, capacity 17000K, committed 17280K, reserved 1064960K
  class space    used 1974K, capacity 2081K, committed 2176K, reserved 1048576K
}
Event: 121.836 GC heap before
{Heap before GC invocations=5 (full 0):
 PSYoungGen      total 132096K, used 132064K [0x00000000d6f00000, 0x00000000df500000, 0x0000000100000000)
  eden space 126976K, 100% used [0x00000000d6f00000,0x00000000deb00000,0x00000000deb00000)
  from space 5120K, 99% used [0x00000000df000000,0x00000000df4f8020,0x00000000df500000)
  to   space 5120K, 0% used [0x00000000deb00000,0x00000000deb00000,0x00000000df000000)
 ParOldGen       total 84992K, used 9139K [0x0000000084c00000, 0x0000000089f00000, 0x00000000d6f00000)
  object space 84992K, 10% used [0x0000000084c00000,0x00000000854ecd98,0x0000000089f00000)
 Metaspace       used 18169K, capacity 18606K, committed 18944K, reserved 1067008K
  class space    used 2094K, capacity 2203K, committed 2304K, reserved 1048576K
Event: 121.852 GC heap after
Heap after GC invocations=5 (full 0):
 PSYoungGen      total 132096K, used 5088K [0x00000000d6f00000, 0x00000000e7f00000, 0x0000000100000000)
  eden space 126976K, 0% used [0x00000000d6f00000,0x00000000d6f00000,0x00000000deb00000)
  from space 5120K, 99% used [0x00000000deb00000,0x00000000deff8020,0x00000000df000000)
  to   space 12288K, 0% used [0x00000000e7300000,0x00000000e7300000,0x00000000e7f00000)
 ParOldGen       total 84992K, used 15393K [0x0000000084c00000, 0x0000000089f00000, 0x00000000d6f00000)
  object space 84992K, 18% used [0x0000000084c00000,0x0000000085b084a0,0x0000000089f00000)
 Metaspace       used 18169K, capacity 18606K, committed 18944K, reserved 1067008K
  class space    used 2094K, capacity 2203K, committed 2304K, reserved 1048576K
}
Event: 132.763 GC heap before
{Heap before GC invocations=6 (full 0):
 PSYoungGen      total 132096K, used 53334K [0x00000000d6f00000, 0x00000000e7f00000, 0x0000000100000000)
  eden space 126976K, 37% used [0x00000000d6f00000,0x00000000d9e1dae0,0x00000000deb00000)
  from space 5120K, 99% used [0x00000000deb00000,0x00000000deff8020,0x00000000df000000)
  to   space 12288K, 0% used [0x00000000e7300000,0x00000000e7300000,0x00000000e7f00000)
 ParOldGen       total 84992K, used 15393K [0x0000000084c00000, 0x0000000089f00000, 0x00000000d6f00000)
  object space 84992K, 18% used [0x0000000084c00000,0x0000000085b084a0,0x0000000089f00000)
 Metaspace       used 20637K, capacity 21220K, committed 21248K, reserved 1069056K
  class space    used 2416K, capacity 2541K, committed 2560K, reserved 1048576K
Event: 132.831 GC heap after
Heap after GC invocations=6 (full 0):
 PSYoungGen      total 265216K, used 7683K [0x00000000d6f00000, 0x00000000e7e00000, 0x0000000100000000)
  eden space 253952K, 0% used [0x00000000d6f00000,0x00000000d6f00000,0x00000000e6700000)
  from space 11264K, 68% used [0x00000000e7300000,0x00000000e7a80d00,0x00000000e7e00000)
  to   space 11776K, 0% used [0x00000000e6700000,0x00000000e6700000,0x00000000e7280000)
 ParOldGen       total 84992K, used 15393K [0x0000000084c00000, 0x0000000089f00000, 0x00000000d6f00000)
  object space 84992K, 18% used [0x0000000084c00000,0x0000000085b084a0,0x0000000089f00000)
 Metaspace       used 20637K, capacity 21220K, committed 21248K, reserved 1069056K
  class space    used 2416K, capacity 2541K, committed 2560K, reserved 1048576K
}
Event: 132.841 GC heap before
{Heap before GC invocations=7 (full 1):
 PSYoungGen      total 265216K, used 7683K [0x00000000d6f00000, 0x00000000e7e00000, 0x0000000100000000)
  eden space 253952K, 0% used [0x00000000d6f00000,0x00000000d6f00000,0x00000000e6700000)
  from space 11264K, 68% used [0x00000000e7300000,0x00000000e7a80d00,0x00000000e7e00000)
  to   space 11776K, 0% used [0x00000000e6700000,0x00000000e6700000,0x00000000e7280000)
 ParOldGen       total 84992K, used 15393K [0x0000000084c00000, 0x0000000089f00000, 0x00000000d6f00000)
  object space 84992K, 18% used [0x0000000084c00000,0x0000000085b084a0,0x0000000089f00000)
 Metaspace       used 20637K, capacity 21220K, committed 21248K, reserved 1069056K
  class space    used 2416K, capacity 2541K, committed 2560K, reserved 1048576K
Event: 133.079 GC heap after
Heap after GC invocations=7 (full 1):
 PSYoungGen      total 265216K, used 0K [0x00000000d6f00000, 0x00000000e7e00000, 0x0000000100000000)
  eden space 253952K, 0% used [0x00000000d6f00000,0x00000000d6f00000,0x00000000e6700000)
  from space 11264K, 0% used [0x00000000e7300000,0x00000000e7300000,0x00000000e7e00000)
  to   space 11776K, 0% used [0x00000000e6700000,0x00000000e6700000,0x00000000e7280000)
 ParOldGen       total 55808K, used 16355K [0x0000000084c00000, 0x0000000088280000, 0x00000000d6f00000)
  object space 55808K, 29% used [0x0000000084c00000,0x0000000085bf8f30,0x0000000088280000)
 Metaspace       used 20637K, capacity 21220K, committed 21248K, reserved 1069056K
  class space    used 2416K, capacity 2541K, committed 2560K, reserved 1048576K
}
Event: 214.274 GC heap before
{Heap before GC invocations=8 (full 1):
 PSYoungGen      total 265216K, used 253952K [0x00000000d6f00000, 0x00000000e7e00000, 0x0000000100000000)
  eden space 253952K, 100% used [0x00000000d6f00000,0x00000000e6700000,0x00000000e6700000)
  from space 11264K, 0% used [0x00000000e7300000,0x00000000e7300000,0x00000000e7e00000)
  to   space 11776K, 0% used [0x00000000e6700000,0x00000000e6700000,0x00000000e7280000)
 ParOldGen       total 55808K, used 16355K [0x0000000084c00000, 0x0000000088280000, 0x00000000d6f00000)
  object space 55808K, 29% used [0x0000000084c00000,0x0000000085bf8f30,0x0000000088280000)
 Metaspace       used 25892K, capacity 26468K, committed 26624K, reserved 1073152K
  class space    used 2868K, capacity 2989K, committed 3072K, reserved 1048576K

